[2014-09-11 17:08:15] myapp.ERROR: Unrecognized options "erwerwerwr, werwerwerw, key" under "0" [] []
[2014-09-11 17:10:13] myapp.ERROR: Unrecognized options "erwerwerwr, werwerwerw, key" under "0" [] []
[2014-09-11 17:15:01] myapp.ERROR: Unrecognized options "erwerwerwr, werwerwerw, key" under "0" [] []
[2014-09-11 17:16:01] myapp.ERROR: Unrecognized options "erwerwerwr, werwerwerw, key" under "0" [] []
[2014-09-11 17:16:23] myapp.ERROR: Unrecognized options "erwerwerwr, werwerwerw, key" under "0" [] []
[2014-09-11 17:16:54] myapp.ERROR: Unrecognized options "erwerwerwr, werwerwerw, key" under "0" [] []
[2014-09-11 17:16:54] myapp.ERROR: Unrecognized options "qewqweq, key" under "0" [] []
[2014-09-11 17:16:54] myapp.ERROR: Unrecognized options "qewqweq, key" under "0" [] []
[2014-09-11 17:16:56] myapp.ERROR: Unrecognized options "erwerwerwr, werwerwerw, key" under "0" [] []
[2014-09-11 17:16:56] myapp.ERROR: Unrecognized options "qewqweq, key" under "0" [] []
[2014-09-11 17:16:56] myapp.ERROR: Unrecognized options "qewqweq, key" under "0" [] []
[2014-09-11 17:17:04] myapp.ERROR: Unrecognized options "erwerwerwr, werwerwerw, key" under "0" [] []
[2014-09-11 17:17:04] myapp.ERROR: Unrecognized options "qewqweq, key" under "0" [] []
[2014-09-11 17:17:04] myapp.ERROR: Unrecognized options "qewqweq, key" under "0" [] []
[2014-09-11 17:18:13] myapp.ERROR: Unrecognized options "erwerwerwr, werwerwerw, key" under "0" [] []
[2014-09-11 17:18:13] myapp.ERROR: Unrecognized options "qewqweq, key" under "0" [] []
[2014-09-11 17:18:13] myapp.ERROR: Unrecognized options "qewqweq, key" under "0" [] []
[2014-09-11 17:24:26] myapp.ERROR: Unrecognized options "key" under "0" [] []
[2014-09-11 17:24:26] myapp.ERROR: Unrecognized options "key" under "0" [] []
[2014-09-11 17:24:26] myapp.ERROR: Unrecognized options "key" under "0" [] []
[2014-09-11 17:24:38] myapp.ERROR: Unrecognized options "key" under "0" [] []
[2014-09-11 17:24:38] myapp.ERROR: Unrecognized options "key" under "0" [] []
[2014-09-11 17:24:38] myapp.ERROR: Unrecognized options "key" under "0" [] []
[2014-09-11 17:25:50] myapp.ERROR: Unrecognized options "key" under "0" [] []
[2014-09-11 17:25:50] myapp.ERROR: Unrecognized options "key" under "0" [] []
[2014-09-11 17:25:50] myapp.ERROR: Unrecognized options "key" under "0" [] []
[2014-09-11 17:28:20] myapp.ERROR: Unrecognized options "key" under "0" [] []
[2014-09-11 17:28:20] myapp.ERROR: Unrecognized options "key" under "0" [] []
[2014-09-11 17:28:20] myapp.ERROR: Unrecognized options "key" under "0" [] []
[2014-09-11 17:30:48] myapp.ERROR: Unrecognized options "key" under "0" [] []
[2014-09-11 17:30:48] myapp.ERROR: Unrecognized options "key" under "0" [] []
[2014-09-11 17:30:48] myapp.ERROR: Unrecognized options "key" under "0" [] []
[2014-09-12 14:46:02] myapp.ERROR: Unrecognized options "bla" under "0" [] []
[2014-09-12 14:49:21] myapp.ERROR: Unrecognized options "bla" under "0" [] []
[2014-09-12 14:49:39] myapp.ERROR: Unrecognized options "bla" under "0" [] []
[2014-09-17 13:13:30] myapp.WARNING: Class 'orice_element' is not defined in config file, in view 'homepage'. [] []
[2014-09-17 13:15:41] myapp.WARNING: Class 'orice_element' is not defined in config file, in view 'homepage'. [] []
[2014-09-17 13:35:57] myapp.WARNING: Class 'orice_element' is not defined in config file, in view 'homepage'. [] []
[2014-09-17 13:37:47] myapp.WARNING: Class 'orice_element' is not defined in config file, in view 'homepage'. [] []
[2014-09-17 13:38:16] myapp.WARNING: Class 'orice_element' is not defined in config file, in view 'homepage'. [] []
[2014-09-17 15:14:36] myapp.WARNING: Class 'orice_element' is not defined in config file, in view 'homepage'. [] []
[2014-09-17 15:15:08] myapp.WARNING: Class 'orice_element' is not defined in config file, in view 'homepage'. [] []
[2014-09-17 15:15:30] myapp.WARNING: Class 'orice_element' is not defined in config file, in view 'homepage'. [] []
[2014-09-17 15:17:33] myapp.WARNING: Class 'orice_element' is not defined in config file, in view 'homepage'. [] []
[2014-09-17 15:30:12] myapp.WARNING: Class 'orice_element' is not defined in config file, in view 'homepage'. [] []
[2014-09-17 16:03:04] myapp.WARNING: Class 'orice_element' is not defined in config file, in view 'homepage'. [] []
[2014-09-18 13:53:50] myapp.WARNING: Class 'orice_element' is not defined in config file, in view 'homepage'. [] []
[2014-09-18 13:56:25] myapp.ERROR: Unrecognized options "image, name" under "0" [] []
[2014-09-18 13:59:30] myapp.ERROR: Unrecognized options "name" under "0" [] []
[2014-09-18 14:10:59] myapp.ERROR: Unrecognized options "name" under "0" [] []
[2014-09-18 14:11:00] myapp.ERROR: Unrecognized options "name" under "0" [] []
[2014-09-18 14:11:00] myapp.ERROR: Unrecognized options "name" under "0" [] []
[2014-09-18 14:11:32] myapp.ERROR: Unrecognized options "name" under "0" [] []
[2014-09-18 14:11:54] myapp.ERROR: Unrecognized options "name" under "0" [] []
[2014-09-18 14:12:13] myapp.ERROR: Unrecognized options "name" under "0" [] []
[2014-09-18 14:12:52] myapp.ERROR: Unrecognized options "name" under "0" [] []
[2014-09-18 14:13:10] myapp.ERROR: Unrecognized options "name" under "0" [] []
[2014-09-18 15:28:25] myapp.ERROR: Unrecognized options "name" under "0" [] []
[2014-09-18 15:30:00] myapp.ERROR: Unrecognized options "name" under "0" [] []
[2014-09-18 15:36:50] myapp.ERROR: Unrecognized options "name" under "0" [] []
[2014-09-18 15:37:13] myapp.ERROR: Unrecognized options "name" under "0" [] []
[2014-09-18 15:37:22] myapp.ERROR: Unrecognized options "name" under "0" [] []
[2014-10-01 16:32:33] myapp.ERROR: Unrecognized options "name" under "0" [] []
[2014-10-01 16:48:53] myapp.ERROR: Unrecognized options "name" under "0" [] []
[2014-10-06 13:59:44] myapp.ERROR: Unrecognized options "name" under "0" [] []
[2014-10-06 14:00:26] myapp.ERROR: Unrecognized options "name" under "0" [] []
[2014-10-06 14:00:58] myapp.ERROR: Unrecognized options "name" under "0" [] []
[2014-10-06 14:02:14] myapp.ERROR: Unrecognized options "name" under "0" [] []
[2014-10-06 14:02:54] myapp.ERROR: Unrecognized options "name" under "0" [] []
[2014-10-07 15:32:13] myapp.ERROR: Unrecognized options "name" under "0" [] []
[2014-10-07 16:22:19] myapp.ERROR: Unrecognized options "name" under "0" [] []
[2014-10-08 11:55:30] myapp.ERROR: Unrecognized options "name" under "0" [] []
[2014-11-12 12:36:47] myapp.INFO: > GET /ignitephp/hello [] []
[2014-11-12 12:37:05] myapp.INFO: > GET /ignitephp/hello [] []
[2014-11-12 12:37:05] myapp.INFO: < 200 [] []
[2014-11-18 12:05:28] myapp.ERROR: Symfony\Component\HttpKernel\Exception\NotFoundHttpException: No route found for "GET /" (uncaught exception) at /home/razvan/proiecte/ignitephp/vendor/symfony/http-kernel/Symfony/Component/HttpKernel/EventListener/RouterListener.php line 145 {"exception":"[object] (Symfony\\Component\\HttpKernel\\Exception\\NotFoundHttpException: No route found for \"GET /\" at /home/razvan/proiecte/ignitephp/vendor/symfony/http-kernel/Symfony/Component/HttpKernel/EventListener/RouterListener.php:145, Symfony\\Component\\Routing\\Exception\\ResourceNotFoundException:  at /home/razvan/proiecte/ignitephp/vendor/symfony/routing/Symfony/Component/Routing/Matcher/UrlMatcher.php:96)"} []
[2014-11-18 12:06:02] myapp.INFO: > GET /ignitephp/hello [] []
[2014-11-18 12:10:48] myapp.INFO: > GET /ignitephp/hello [] []
[2014-11-18 12:40:06] myapp.INFO: > GET /ignitephp/hello [] []
[2014-11-18 12:40:06] myapp.INFO: < 200 [] []
[2014-11-18 12:44:46] myapp.INFO: > GET /ignitephp/hello [] []
[2014-11-18 12:44:46] myapp.INFO: < 200 [] []
[2014-11-20 14:17:31] myapp.INFO: > GET /ignitephp/hello [] []
[2014-11-20 14:17:31] myapp.INFO: < 200 [] []
[2014-11-20 14:17:33] myapp.INFO: > GET /ignitephp/hello [] []
[2014-11-20 14:17:33] myapp.INFO: < 200 [] []
[2014-11-20 14:17:37] myapp.INFO: > GET /ignitephp/hello [] []
[2014-11-20 14:17:37] myapp.INFO: < 200 [] []
[2014-11-20 14:20:47] myapp.INFO: > GET /ignitephp/hello [] []
[2014-11-20 14:20:47] myapp.INFO: < 200 [] []
[2014-11-20 14:55:33] myapp.INFO: > GET /ignitephp/hello-1 [] []
[2014-11-20 14:55:33] myapp.ERROR: Unrecognized options "image" under "0" [] []
[2014-11-20 14:55:33] myapp.INFO: < 200 [] []
[2014-11-20 14:57:31] myapp.INFO: > GET /ignitephp/hello-1 [] []
[2014-11-20 14:57:31] myapp.ERROR: Unrecognized options "image" under "0" [] []
[2014-11-20 14:57:31] myapp.INFO: < 200 [] []
[2014-11-20 14:57:38] myapp.INFO: > GET /ignitephp/hello [] []
[2014-11-20 14:57:38] myapp.INFO: < 200 [] []
[2014-11-20 14:59:55] myapp.INFO: > GET /ignitephp/hello-1 [] []
[2014-11-20 14:59:55] myapp.INFO: < 200 [] []
[2014-11-20 18:16:21] myapp.INFO: > GET /ignitephp/alt_view [] []
[2014-11-20 18:16:21] myapp.WARNING: Class 'id2' is not defined in config file, in view 'alt_view'. [] []
[2014-11-20 18:16:21] myapp.INFO: < 200 [] []
